Build started 01/11/2016 15:24:23.
     1>Project "F:\My Documents\2015-16\Graphics\cw1\cw adapted from Tutorial04\gldemo.vcxproj" on node 2 (Build target(s)).
     1>ClCompile:
         C:\Program Files (x86)\Microsoft Visual Studio 12.0\VC\bin\CL.exe /c /ZI /nologo /W3 /WX- /sdl /Od /Oy- /D WIN32 /D _DEBUG /D _CONSOLE /D _LIB /D _UNICODE /D UNICODE /Gm /EHsc /RTC1 /MDd /GS /fp:precise /Zc:wchar_t /Zc:forScope /Yc"stdafx.h" /Fp"Debug\gldemo.pch" /Fo"Debug\\" /Fd"Debug\vc120.pdb" /Gd /TP /analyze- /errorReport:prompt stdafx.cpp
         stdafx.cpp
         C:\Program Files (x86)\Microsoft Visual Studio 12.0\VC\bin\CL.exe /c /ZI /nologo /W3 /WX- /sdl /Od /Oy- /D WIN32 /D _DEBUG /D _CONSOLE /D _LIB /D _UNICODE /D UNICODE /Gm /EHsc /RTC1 /MDd /GS /fp:precise /Zc:wchar_t /Zc:forScope /Yu"stdafx.h" /Fp"Debug\gldemo.pch" /Fo"Debug\\" /Fd"Debug\vc120.pdb" /Gd /TP /analyze- /errorReport:prompt CGPrincipleAxes.cpp CGTexturedQuad.cpp ShaderLoader.cpp TextureLoader.cpp gldemo.cpp helper_functions.cpp
         Skipping... (no relevant changes detected)
         helper_functions.cpp
         gldemo.cpp
         TextureLoader.cpp
         ShaderLoader.cpp
         CGTexturedQuad.cpp
         CGPrincipleAxes.cpp
       Link:
         C:\Program Files (x86)\Microsoft Visual Studio 12.0\VC\bin\link.exe /ERRORREPORT:PROMPT /OUT:"F:\My Documents\2015-16\Graphics\cw1\cw adapted from Tutorial04\Debug\gldemo.exe" /INCREMENTAL /NOLOGO FreeImage\FreeImagePlus.lib windowscodecs.lib CoreStructures\CoreStructures.lib CGImport\CGImport3.lib freeglut\freeglut.lib glew\glew32.lib kernel32.lib user32.lib gdi32.lib winspool.lib comdlg32.lib advapi32.lib shell32.lib ole32.lib oleaut32.lib uuid.lib odbc32.lib odbccp32.lib /MANIFEST /MANIFESTUAC:"level='asInvoker' uiAccess='false'" /manifest:embed /DEBUG /PDB:"F:\My Documents\2015-16\Graphics\cw1\cw adapted from Tutorial04\Debug\gldemo.pdb" /SUBSYSTEM:CONSOLE /TLBID:1 /DYNAMICBASE /NXCOMPAT /IMPLIB:"F:\My Documents\2015-16\Graphics\cw1\cw adapted from Tutorial04\Debug\gldemo.lib" /MACHINE:X86 Debug\CGPrincipleAxes.obj
         Debug\CGTexturedQuad.obj
         Debug\gldemo.obj
         Debug\helper_functions.obj
         Debug\ShaderLoader.obj
         Debug\stdafx.obj
         Debug\TextureLoader.obj
         gldemo.vcxproj -> F:\My Documents\2015-16\Graphics\cw1\cw adapted from Tutorial04\Debug\gldemo.exe
     1>Done Building Project "F:\My Documents\2015-16\Graphics\cw1\cw adapted from Tutorial04\gldemo.vcxproj" (Build target(s)).

Build succeeded.

Time Elapsed 00:00:04.55
